<?xml version="1.0" encoding="UTF-8"?>
<testng-results ignored="0" total="1" passed="1" failed="0" skipped="0">
  <reporter-output>
  </reporter-output>
  <suite started-at="2021-12-08T19:49:35Z" name="Default suite" finished-at="2021-12-08T19:54:48Z" duration-ms="312776">
    <groups>
    </groups>
    <test started-at="2021-12-08T19:49:35Z" name="Default test" finished-at="2021-12-08T19:54:48Z" duration-ms="312776">
      <class name="androidTest.TestApp">
        <test-method signature="Test()[pri:0, instance:androidTest.TestApp@54c5a2ff]" started-at="2021-12-08T19:49:35Z" name="Test" finished-at="2021-12-08T19:54:47Z" duration-ms="312203" status="PASS">
          <reporter-output>
          </reporter-output>
        </test-method> <!-- Test -->
        <test-method is-config="true" signature="TearDown()[pri:0, instance:androidTest.TestApp@54c5a2ff]" started-at="2021-12-08T19:54:47Z" name="TearDown" finished-at="2021-12-08T19:54:48Z" duration-ms="549" status="PASS">
          <reporter-output>
          </reporter-output>
        </test-method> <!-- TearDown -->
      </class> <!-- androidTest.TestApp -->
    </test> <!-- Default test -->
  </suite> <!-- Default suite -->
</testng-results>
